<?xml version="1.0" encoding="UTF-8"?>
<!-- Generated by org.testng.reporters.JUnitReportReporter -->
<testsuite hostname="QT-INBG-LT0476" failures="0" tests="9" name="Pom.Mainclss" time="107.560" errors="0" timestamp="2022-07-26T21:07:20 IST" skipped="0">
  <testcase classname="Pom.Mainclss" name="contact_us" time="24.336"/>
  <system-out/>
  <testcase classname="Pom.Mainclss" name="support" time="10.721"/>
  <system-out/>
  <testcase classname="Pom.Mainclss" name="support" time="12.425"/>
  <system-out/>
  <testcase classname="Pom.Mainclss" name="mb" time="10.937"/>
  <system-out/>
  <testcase classname="Pom.Mainclss" name="contact_us" time="23.036"/>
  <system-out/>
  <testcase classname="Pom.Mainclss" name="mb" time="7.126"/>
  <system-out/>
  <testcase classname="Pom.Mainclss" name="mb" time="6.275"/>
  <system-out/>
  <testcase classname="Pom.Mainclss" name="mb" time="6.480"/>
  <system-out/>
  <testcase classname="Pom.Mainclss" name="allmobiles" time="6.224"/>
  <system-out/>
</testsuite> <!-- Pom.Mainclss -->
